<?xml version="1.0" encoding="UTF-8"?>
<beans xmlns="http://www.springframework.org/schema/beans" xmlns:xsi="http://www.w3.org/2001/XMLSchema-instance"
       xmlns:util="http://www.springframework.org/schema/util" xmlns:context="http://www.springframework.org/schema/context" 
       xmlns:p="http://www.springframework.org/schema/p" xmlns:mvc="http://www.springframework.org/schema/mvc"           
       xmlns:aop="http://www.springframework.org/schema/aop" xmlns:tx="http://www.springframework.org/schema/tx"
       xmlns:oxm="http://www.springframework.org/schema/oxm" 
       xmlns:task="http://www.springframework.org/schema/task"
       xmlns:c="http://www.springframework.org/schema/c"      
       xmlns:security="http://www.springframework.org/schema/security"                  
       xsi:schemaLocation="http://www.springframework.org/schema/mvc http://www.springframework.org/schema/mvc/spring-mvc-3.2.xsd
                           http://www.springframework.org/schema/beans http://www.springframework.org/schema/beans/spring-beans-3.2.xsd
                           http://www.springframework.org/schema/util http://www.springframework.org/schema/util/spring-util-3.2.xsd
                           http://www.springframework.org/schema/aop http://www.springframework.org/schema/aop/spring-aop-3.2.xsd
                           http://www.springframework.org/schema/tx http://www.springframework.org/schema/tx/spring-tx-3.2.xsd
                           http://www.springframework.org/schema/oxm http://www.springframework.org/schema/oxm/spring-oxm-3.2.xsd
                           http://www.springframework.org/schema/task http://www.springframework.org/schema/task/spring-task-3.2.xsd
                           http://www.springframework.org/schema/context http://www.springframework.org/schema/context/spring-context-3.2.xsd
                           http://www.springframework.org/schema/security http://www.springframework.org/schema/security/spring-security-3.1.xsd">


	<context:component-scan base-package="hellogradle.web"/>
	<context:component-scan base-package="springbook.**"/>
	
	<bean id="transactionManager" class="org.springframework.jdbc.datasource.DataSourceTransactionManager"/>
	
	
</beans>

